Sun, 16 Oct 2016 14:21:04 +0800	[2]fsockopen() [<a href='function.fsockopen'>function.fsockopen</a>]: unable to connect to :25 (由于连接方在一段时间后没有正确答复或连接的主机没有反应，连接尝试失败。
)	\includes\libraries\class.smtp.php	89
Sun, 16 Oct 2016 14:22:54 +0800	[2]fsockopen() [<a href='function.fsockopen'>function.fsockopen</a>]: unable to connect to :25 (由于连接方在一段时间后没有正确答复或连接的主机没有反应，连接尝试失败。
)	\includes\libraries\class.smtp.php	89
Sun, 16 Oct 2016 14:23:39 +0800	[2]fsockopen() [<a href='function.fsockopen'>function.fsockopen</a>]: unable to connect to :25 (由于连接方在一段时间后没有正确答复或连接的主机没有反应，连接尝试失败。
)	\includes\libraries\class.smtp.php	89
Sun, 16 Oct 2016 14:23:50 +0800	[2]fsockopen() [<a href='function.fsockopen'>function.fsockopen</a>]: unable to connect to :25 (由于连接方在一段时间后没有正确答复或连接的主机没有反应，连接尝试失败。
)	\includes\libraries\class.smtp.php	89
Sun, 16 Oct 2016 14:25:18 +0800	[2]fsockopen() [<a href='function.fsockopen'>function.fsockopen</a>]: unable to connect to :25 (由于连接方在一段时间后没有正确答复或连接的主机没有反应，连接尝试失败。
)	\includes\libraries\class.smtp.php	89
Sun, 16 Oct 2016 14:25:26 +0800	[2]fsockopen() [<a href='function.fsockopen'>function.fsockopen</a>]: unable to connect to :25 (由于连接方在一段时间后没有正确答复或连接的主机没有反应，连接尝试失败。
)	\includes\libraries\class.smtp.php	89
Sun, 16 Oct 2016 14:31:59 +0800	[2]fsockopen() [<a href='function.fsockopen'>function.fsockopen</a>]: unable to connect to :25 (由于连接方在一段时间后没有正确答复或连接的主机没有反应，连接尝试失败。
)	\includes\libraries\class.smtp.php	89
Sun, 16 Oct 2016 14:32:03 +0800	[2]fsockopen() [<a href='function.fsockopen'>function.fsockopen</a>]: unable to connect to :25 (由于连接方在一段时间后没有正确答复或连接的主机没有反应，连接尝试失败。
)	\includes\libraries\class.smtp.php	89
Sun, 16 Oct 2016 14:32:13 +0800	[2]fsockopen() [<a href='function.fsockopen'>function.fsockopen</a>]: unable to connect to :25 (由于连接方在一段时间后没有正确答复或连接的主机没有反应，连接尝试失败。
)	\includes\libraries\class.smtp.php	89
Sun, 16 Oct 2016 14:33:09 +0800	[2]fsockopen() [<a href='function.fsockopen'>function.fsockopen</a>]: unable to connect to :25 (由于连接方在一段时间后没有正确答复或连接的主机没有反应，连接尝试失败。
)	\includes\libraries\class.smtp.php	89
Sun, 16 Oct 2016 14:33:34 +0800	[2]fsockopen() [<a href='function.fsockopen'>function.fsockopen</a>]: unable to connect to :25 (由于连接方在一段时间后没有正确答复或连接的主机没有反应，连接尝试失败。
)	\includes\libraries\class.smtp.php	89
Sun, 16 Oct 2016 14:33:40 +0800	[2]fsockopen() [<a href='function.fsockopen'>function.fsockopen</a>]: unable to connect to :25 (由于连接方在一段时间后没有正确答复或连接的主机没有反应，连接尝试失败。
)	\includes\libraries\class.smtp.php	89
Sun, 16 Oct 2016 14:33:42 +0800	[2]fsockopen() [<a href='function.fsockopen'>function.fsockopen</a>]: unable to connect to :25 (由于连接方在一段时间后没有正确答复或连接的主机没有反应，连接尝试失败。
)	\includes\libraries\class.smtp.php	89
Sun, 16 Oct 2016 14:35:42 +0800	[2]fsockopen() [<a href='function.fsockopen'>function.fsockopen</a>]: unable to connect to :25 (由于连接方在一段时间后没有正确答复或连接的主机没有反应，连接尝试失败。
)	\includes\libraries\class.smtp.php	89
Sun, 16 Oct 2016 14:36:49 +0800	[2]fsockopen() [<a href='function.fsockopen'>function.fsockopen</a>]: unable to connect to :25 (由于连接方在一段时间后没有正确答复或连接的主机没有反应，连接尝试失败。
)	\includes\libraries\class.smtp.php	89
Sun, 16 Oct 2016 14:37:39 +0800	[2]fsockopen() [<a href='function.fsockopen'>function.fsockopen</a>]: unable to connect to :25 (由于连接方在一段时间后没有正确答复或连接的主机没有反应，连接尝试失败。
)	\includes\libraries\class.smtp.php	89
Sun, 16 Oct 2016 14:37:53 +0800	[2]fsockopen() [<a href='function.fsockopen'>function.fsockopen</a>]: unable to connect to :25 (由于连接方在一段时间后没有正确答复或连接的主机没有反应，连接尝试失败。
)	\includes\libraries\class.smtp.php	89
Sun, 16 Oct 2016 14:38:42 +0800	[2]fsockopen() [<a href='function.fsockopen'>function.fsockopen</a>]: unable to connect to :25 (由于连接方在一段时间后没有正确答复或连接的主机没有反应，连接尝试失败。
)	\includes\libraries\class.smtp.php	89
Sun, 16 Oct 2016 14:38:46 +0800	[2]fsockopen() [<a href='function.fsockopen'>function.fsockopen</a>]: unable to connect to :25 (由于连接方在一段时间后没有正确答复或连接的主机没有反应，连接尝试失败。
)	\includes\libraries\class.smtp.php	89
Sun, 16 Oct 2016 14:45:06 +0800	[2]fsockopen() [<a href='function.fsockopen'>function.fsockopen</a>]: unable to connect to :25 (由于连接方在一段时间后没有正确答复或连接的主机没有反应，连接尝试失败。
)	\includes\libraries\class.smtp.php	89
Sun, 16 Oct 2016 14:45:07 +0800	[2]fsockopen() [<a href='function.fsockopen'>function.fsockopen</a>]: unable to connect to :25 (由于连接方在一段时间后没有正确答复或连接的主机没有反应，连接尝试失败。
)	\includes\libraries\class.smtp.php	89
Sun, 16 Oct 2016 14:45:45 +0800	[2]fsockopen() [<a href='function.fsockopen'>function.fsockopen</a>]: unable to connect to :25 (由于连接方在一段时间后没有正确答复或连接的主机没有反应，连接尝试失败。
)	\includes\libraries\class.smtp.php	89
Sun, 16 Oct 2016 14:45:52 +0800	[2]fsockopen() [<a href='function.fsockopen'>function.fsockopen</a>]: unable to connect to :25 (由于连接方在一段时间后没有正确答复或连接的主机没有反应，连接尝试失败。
)	\includes\libraries\class.smtp.php	89
Sun, 16 Oct 2016 15:24:03 +0800	[2]get_headers() [<a href='function.get-headers'>function.get-headers</a>]: php_network_getaddresses: getaddrinfo failed: 不知道这样的主机。 	\app\comupload.app.php	382
Mon, 17 Oct 2016 13:34:27 +0800	[2]fsockopen() [<a href='function.fsockopen'>function.fsockopen</a>]: unable to connect to :25 (由于连接方在一段时间后没有正确答复或连接的主机没有反应，连接尝试失败。
)	\includes\libraries\class.smtp.php	89
Mon, 17 Oct 2016 13:34:32 +0800	[2]fsockopen() [<a href='function.fsockopen'>function.fsockopen</a>]: unable to connect to :25 (由于连接方在一段时间后没有正确答复或连接的主机没有反应，连接尝试失败。
)	\includes\libraries\class.smtp.php	89
Tue, 18 Oct 2016 11:31:31 +0800	[2]fsockopen() [<a href='function.fsockopen'>function.fsockopen</a>]: unable to connect to :25 (由于连接方在一段时间后没有正确答复或连接的主机没有反应，连接尝试失败。
)	\includes\libraries\class.smtp.php	89
Tue, 18 Oct 2016 11:32:03 +0800	[2]fsockopen() [<a href='function.fsockopen'>function.fsockopen</a>]: unable to connect to :25 (由于连接方在一段时间后没有正确答复或连接的主机没有反应，连接尝试失败。
)	\includes\libraries\class.smtp.php	89
Tue, 18 Oct 2016 11:39:06 +0800	[2]fsockopen() [<a href='function.fsockopen'>function.fsockopen</a>]: unable to connect to :25 (由于连接方在一段时间后没有正确答复或连接的主机没有反应，连接尝试失败。
)	\includes\libraries\class.smtp.php	89
Wed, 19 Oct 2016 13:47:26 +0800	[2]fsockopen() [<a href='function.fsockopen'>function.fsockopen</a>]: unable to connect to :25 (由于连接方在一段时间后没有正确答复或连接的主机没有反应，连接尝试失败。
)	\includes\libraries\class.smtp.php	89
Wed, 19 Oct 2016 13:48:50 +0800	[2]fsockopen() [<a href='function.fsockopen'>function.fsockopen</a>]: unable to connect to :25 (由于连接方在一段时间后没有正确答复或连接的主机没有反应，连接尝试失败。
)	\includes\libraries\class.smtp.php	89
Wed, 19 Oct 2016 13:49:20 +0800	[2]fsockopen() [<a href='function.fsockopen'>function.fsockopen</a>]: unable to connect to :25 (由于连接方在一段时间后没有正确答复或连接的主机没有反应，连接尝试失败。
)	\includes\libraries\class.smtp.php	89
Wed, 19 Oct 2016 13:49:50 +0800	[2]fsockopen() [<a href='function.fsockopen'>function.fsockopen</a>]: unable to connect to :25 (由于连接方在一段时间后没有正确答复或连接的主机没有反应，连接尝试失败。
)	\includes\libraries\class.smtp.php	89
Wed, 19 Oct 2016 13:51:27 +0800	[2]fsockopen() [<a href='function.fsockopen'>function.fsockopen</a>]: unable to connect to :25 (由于连接方在一段时间后没有正确答复或连接的主机没有反应，连接尝试失败。
)	\includes\libraries\class.smtp.php	89
Wed, 19 Oct 2016 13:51:35 +0800	[2]fsockopen() [<a href='function.fsockopen'>function.fsockopen</a>]: unable to connect to :25 (由于连接方在一段时间后没有正确答复或连接的主机没有反应，连接尝试失败。
)	\includes\libraries\class.smtp.php	89
Wed, 19 Oct 2016 13:56:13 +0800	[2]fsockopen() [<a href='function.fsockopen'>function.fsockopen</a>]: unable to connect to :25 (由于连接方在一段时间后没有正确答复或连接的主机没有反应，连接尝试失败。
)	\includes\libraries\class.smtp.php	89
